2025-04-28 14:58:32 info: Starting database setup...
2025-04-28 14:58:32 info: Initializing database...
2025-04-28 14:58:32 error: Access denied for user 'root'@'localhost' (using password: YES)
2025-04-28 14:59:10 info: Starting database setup...
2025-04-28 14:59:10 info: Initializing database...
2025-04-28 14:59:10 error: Access denied for user 'root'@'localhost' (using password: NO)
2025-04-28 15:01:47 info: Starting database setup...
2025-04-28 15:01:47 info: Initializing database...
2025-04-28 15:01:47 info: Creating data directory: /media/Project/PTITProject/FootballField/backend/data
2025-04-28 15:01:47 info: SQLite database file will be created at: /media/Project/PTITProject/FootballField/backend/data/football_field_db.sqlite
2025-04-28 15:01:47 info: Database initialization completed
2025-04-28 15:01:47 info: Starting comprehensive data generation...
2025-04-28 15:01:47 info: Database connection established
2025-04-28 15:01:47 info: Database synchronized
2025-04-28 15:01:47 info: Generating 50 users...
2025-04-28 15:01:47 error: Error generating data: notNull Violation: User.username cannot be null
2025-04-28 15:13:28 info: Starting data generation with MySQL...
2025-04-28 15:13:28 error: Error generating data: Access denied for user 'root'@'localhost' (using password: NO)
2025-04-28 15:27:45 info: .env file updated successfully
2025-04-28 15:27:45 info: Switched to SQLite configuration
2025-04-28 15:28:49 info: .env file updated successfully
2025-04-28 15:28:49 info: Switched to SQLite configuration
2025-04-28 15:29:05 info: .env file updated successfully
2025-04-28 15:29:05 info: Switched to MySQL configuration
2025-04-28 15:31:04 info: .env file updated successfully
2025-04-28 15:31:04 info: Switched to SQLite configuration
2025-04-28 15:31:04 info: Running npm script: setup-sqlite
2025-04-28 15:31:06 info: Successfully completed: setup-sqlite
2025-04-28 15:31:21 error: Invalid choice. Please run the script again and select 1 or 2.
2025-04-28 16:07:20 info: Server running on port 5000 in development mode
2025-04-28 16:07:20 info: Database connection established successfully
2025-04-28 16:07:20 error: Unable to connect to the database: SQLITE_ERROR: Cannot add a NOT NULL column with default value NULL
2025-04-28 16:09:02 info: Starting database setup...
2025-04-28 16:09:02 info: Initializing database...
2025-04-28 16:09:02 info: SQLite database file will be created at: /media/Project/PTITProject/FootballField/backend/data/football_field_db.sqlite
2025-04-28 16:09:02 info: Database initialization completed
2025-04-28 16:09:02 info: Starting comprehensive data generation...
2025-04-28 16:09:02 info: Database connection established
2025-04-28 16:09:02 info: Database synchronized
2025-04-28 16:09:02 info: Generating 50 users...
2025-04-28 16:09:02 info: Admin user created
2025-04-28 16:09:05 info: 50 users created
2025-04-28 16:09:05 info: Generating 15 fields...
2025-04-28 16:09:05 error: Error generating data: Validation error
2025-04-28 16:09:26 info: Server running on port 5000 in development mode
2025-04-28 16:09:26 info: Database connection established successfully
2025-04-28 16:09:28 info: Database synced successfully
2025-04-28 16:11:28 info: Server running on port 5000 in development mode
2025-04-28 16:11:28 info: Database connection established successfully
2025-04-28 16:11:30 info: Database synced successfully
2025-04-28 16:12:02 info: Starting database seeding...
2025-04-28 16:12:03 info: Database connection established
2025-04-28 16:12:03 info: Database synchronized
2025-04-28 16:12:03 info: Admin user created
2025-04-28 16:12:03 info: Sample user created
2025-04-28 16:12:03 error: Error seeding database: Validation error
2025-04-28 16:12:58 info: Server running on port 5000 in development mode
2025-04-28 16:12:58 info: Database connection established successfully
2025-04-28 16:12:58 info: Database synced successfully
2025-04-28 16:13:22 info: Starting database seeding...
2025-04-28 16:13:22 info: Database connection established
2025-04-28 16:13:24 info: Database synchronized
2025-04-28 16:13:24 info: Admin user created
2025-04-28 16:13:24 info: Sample user created
2025-04-28 16:13:24 info: Sample fields created
2025-04-28 16:13:24 info: Sample products created
2025-04-28 16:15:57 info: Server running on port 5000 in development mode
2025-04-28 16:15:57 info: Database connection established successfully
2025-04-28 16:15:59 info: Database synced successfully
